<?xml version="1.0" encoding="UTF-8"?>
<!-- Generated by org.testng.reporters.JUnitXMLReporter -->
<testsuite hostname="DESKTOP-HROVEEM" ignored="0" name="Validating Test" tests="1" failures="0" timestamp="05 Aug 2021 16:58:54 GMT" time="3.837" errors="0">
  <testcase name="@BeforeTest initialize" time="3.729" classname="UsTechSol.TestFlipKartSearchPage">
    <failure type="org.openqa.selenium.SessionNotCreatedException" message="session not created: This version of ChromeDriver only supports Chrome version 84
Build info: version: &amp;apos;3.141.59&amp;apos;, revision: &amp;apos;e82be7d358&amp;apos;, time: &amp;apos;2018-11-14T08:17:03&amp;apos;
System info: host: &amp;apos;DESKTOP-HROVEEM&amp;apos;, ip: &amp;apos;192.168.0.103&amp;apos;, os.name: &amp;apos;Windows 8.1&amp;apos;, os.arch: &amp;apos;amd64&amp;apos;, os.version: &amp;apos;6.3&amp;apos;, java.version: &amp;apos;1.8.0_51&amp;apos;
Driver info: driver.version: ChromeDriver
remote stacktrace: Backtrace:
	Ordinal0 [0x004887E3+2852835]
	Ordinal0 [0x00375BB1+1727409]
	Ordinal0 [0x0024E4B9+517305]
	Ordinal0 [0x001E0BA0+68512]
	Ordinal0 [0x001DD3A0+54176]
	Ordinal0 [0x001FD9F7+186871]
	Ordinal0 [0x001FD7FD+186365]
	Ordinal0 [0x001FB70B+177931]
	Ordinal0 [0x001E2584+75140]
	Ordinal0 [0x001E3650+79440]
	Ordinal0 [0x001E35E9+79337]
	Ordinal0 [0x0038AD5C+1813852]
	GetHandleVerifier [0x005AC616+1075574]
	GetHandleVerifier [0x005AC367+1074887]
	GetHandleVerifier [0x005B7497+1120247]
	GetHandleVerifier [0x005ACC16+1077110]
	Ordinal0 [0x00383206+1782278]
	Ordinal0 [0x0038C3BB+1819579]
	Ordinal0 [0x0038C523+1819939]
	Ordinal0 [0x003A2B45+1911621]
	BaseThreadInitThunk [0x750A6359+25]
	RtlGetAppContainerNamedObjectPath [0x779087A4+228]
	RtlGetAppContainerNamedObjectPath [0x77908774+180]
">
      <![CDATA[org.openqa.selenium.SessionNotCreatedException: session not created: This version of ChromeDriver only supports Chrome version 84
Build info: version: '3.141.59', revision: 'e82be7d358', time: '2018-11-14T08:17:03'
System info: host: 'DESKTOP-HROVEEM', ip: '192.168.0.103', os.name: 'Windows 8.1', os.arch: 'amd64', os.version: '6.3', java.version: '1.8.0_51'
Driver info: driver.version: ChromeDriver
remote stacktrace: Backtrace:
Ordinal0 [0x004887E3+2852835]
Ordinal0 [0x00375BB1+1727409]
Ordinal0 [0x0024E4B9+517305]
Ordinal0 [0x001E0BA0+68512]
Ordinal0 [0x001DD3A0+54176]
Ordinal0 [0x001FD9F7+186871]
Ordinal0 [0x001FD7FD+186365]
Ordinal0 [0x001FB70B+177931]
Ordinal0 [0x001E2584+75140]
Ordinal0 [0x001E3650+79440]
Ordinal0 [0x001E35E9+79337]
Ordinal0 [0x0038AD5C+1813852]
GetHandleVerifier [0x005AC616+1075574]
GetHandleVerifier [0x005AC367+1074887]
GetHandleVerifier [0x005B7497+1120247]
GetHandleVerifier [0x005ACC16+1077110]
Ordinal0 [0x00383206+1782278]
Ordinal0 [0x0038C3BB+1819579]
Ordinal0 [0x0038C523+1819939]
Ordinal0 [0x003A2B45+1911621]
BaseThreadInitThunk [0x750A6359+25]
RtlGetAppContainerNamedObjectPath [0x779087A4+228]
RtlGetAppContainerNamedObjectPath [0x77908774+180]

at org.openqa.selenium.remote.W3CHandshakeResponse.lambda$errorHandler$0(W3CHandshakeResponse.java:62)
at org.openqa.selenium.remote.W3CHandshakeResponse$$Lambda$210/37841489.apply(Unknown Source)
at org.openqa.selenium.remote.HandshakeResponse.lambda$getResponseFunction$0(HandshakeResponse.java:30)
at org.openqa.selenium.remote.HandshakeResponse$$Lambda$205/1233505227.apply(Unknown Source)
at org.openqa.selenium.remote.ProtocolHandshake.lambda$createSession$0(ProtocolHandshake.java:126)
at org.openqa.selenium.remote.ProtocolHandshake$$Lambda$206/1419125235.apply(Unknown Source)
at java.util.stream.ReferencePipeline$3$1.accept(ReferencePipeline.java:193)
at java.util.Spliterators$ArraySpliterator.tryAdvance(Spliterators.java:958)
at java.util.stream.ReferencePipeline.forEachWithCancel(ReferencePipeline.java:126)
at java.util.stream.AbstractPipeline.copyIntoWithCancel(AbstractPipeline.java:529)
at java.util.stream.AbstractPipeline.copyInto(AbstractPipeline.java:516)
at java.util.stream.AbstractPipeline.wrapAndCopyInto(AbstractPipeline.java:502)
at java.util.stream.FindOps$FindOp.evaluateSequential(FindOps.java:152)
at java.util.stream.AbstractPipeline.evaluate(AbstractPipeline.java:234)
at java.util.stream.ReferencePipeline.findFirst(ReferencePipeline.java:464)
at org.openqa.selenium.remote.ProtocolHandshake.createSession(ProtocolHandshake.java:128)
at org.openqa.selenium.remote.ProtocolHandshake.createSession(ProtocolHandshake.java:74)
at org.openqa.selenium.remote.HttpCommandExecutor.execute(HttpCommandExecutor.java:136)
at org.openqa.selenium.remote.service.DriverCommandExecutor.execute(DriverCommandExecutor.java:83)
at org.openqa.selenium.remote.RemoteWebDriver.execute(RemoteWebDriver.java:552)
at org.openqa.selenium.remote.RemoteWebDriver.startSession(RemoteWebDriver.java:213)
at org.openqa.selenium.remote.RemoteWebDriver.<init>(RemoteWebDriver.java:131)
at org.openqa.selenium.chrome.ChromeDriver.<init>(ChromeDriver.java:181)
at org.openqa.selenium.chrome.ChromeDriver.<init>(ChromeDriver.java:168)
at org.openqa.selenium.chrome.ChromeDriver.<init>(ChromeDriver.java:157)
at resources.BaseDetails.initializeDriver(BaseDetails.java:37)
at UsTechSol.TestFlipKartSearchPage.initialize(TestFlipKartSearchPage.java:47)
... Removed 28 stack frames]]>
    </failure>
  </testcase> <!-- @BeforeTest initialize -->
  <testcase name="@AfterTest teardown" time="0.0" classname="UsTechSol.TestFlipKartSearchPage">
    <skipped/>
  </testcase> <!-- @AfterTest teardown -->
  <testcase name="CloseLoginwindow" time="0.0" classname="UsTechSol.TestFlipKartSearchPage">
    <skipped/>
  </testcase> <!-- CloseLoginwindow -->
</testsuite> <!-- Validating Test -->
